mode: set
github.com/yourorg/timeservice/cmd/server/main.go:19.13,34.12 5 0
github.com/yourorg/timeservice/cmd/server/main.go:34.12,36.54 2 0
github.com/yourorg/timeservice/cmd/server/main.go:36.54,39.4 2 0
github.com/yourorg/timeservice/cmd/server/main.go:40.3,40.9 1 0
github.com/yourorg/timeservice/cmd/server/main.go:45.2,46.16 2 0
github.com/yourorg/timeservice/cmd/server/main.go:46.16,48.3 1 0
github.com/yourorg/timeservice/cmd/server/main.go:51.2,95.12 12 0
github.com/yourorg/timeservice/cmd/server/main.go:95.12,105.77 2 0
github.com/yourorg/timeservice/cmd/server/main.go:105.77,108.4 2 0
github.com/yourorg/timeservice/cmd/server/main.go:112.2,119.50 5 0
github.com/yourorg/timeservice/cmd/server/main.go:119.50,122.3 2 0
github.com/yourorg/timeservice/cmd/server/main.go:124.2,124.42 1 0
github.com/yourorg/timeservice/internal/handler/handler.go:22.68,27.2 1 1
github.com/yourorg/timeservice/internal/handler/handler.go:30.67,40.2 4 1
github.com/yourorg/timeservice/internal/handler/handler.go:43.66,48.2 1 1
github.com/yourorg/timeservice/internal/handler/handler.go:51.71,53.23 1 1
github.com/yourorg/timeservice/internal/handler/handler.go:53.23,56.3 2 1
github.com/yourorg/timeservice/internal/handler/handler.go:58.2,59.32 2 1
github.com/yourorg/timeservice/internal/handler/handler.go:63.63,65.54 1 1
github.com/yourorg/timeservice/internal/handler/handler.go:65.54,68.3 2 1
github.com/yourorg/timeservice/internal/handler/handler.go:71.2,71.33 1 1
github.com/yourorg/timeservice/internal/handler/handler.go:75.77,78.56 3 1
github.com/yourorg/timeservice/internal/handler/handler.go:78.56,80.3 1 0
github.com/yourorg/timeservice/internal/handler/handler.go:84.76,86.2 1 1
github.com/yourorg/timeservice/internal/handler/handler.go:89.32,90.14 1 1
github.com/yourorg/timeservice/internal/handler/handler.go:90.14,92.3 1 0
github.com/yourorg/timeservice/internal/handler/handler.go:93.2,94.45 2 1
github.com/yourorg/timeservice/pkg/model/model.go:14.49,22.2 2 1
github.com/yourorg/timeservice/pkg/model/model.go:33.36,44.2 1 1
github.com/yourorg/timeservice/internal/middleware/middleware.go:15.68,16.45 1 1
github.com/yourorg/timeservice/internal/middleware/middleware.go:16.45,18.3 1 1
github.com/yourorg/timeservice/internal/middleware/middleware.go:19.2,19.10 1 1
github.com/yourorg/timeservice/internal/middleware/middleware.go:23.43,24.46 1 1
github.com/yourorg/timeservice/internal/middleware/middleware.go:24.46,25.72 1 1
github.com/yourorg/timeservice/internal/middleware/middleware.go:25.72,42.4 4 1
github.com/yourorg/timeservice/internal/middleware/middleware.go:47.44,48.46 1 1
github.com/yourorg/timeservice/internal/middleware/middleware.go:48.46,49.72 1 1
github.com/yourorg/timeservice/internal/middleware/middleware.go:49.72,50.17 1 1
github.com/yourorg/timeservice/internal/middleware/middleware.go:50.17,51.37 1 1
github.com/yourorg/timeservice/internal/middleware/middleware.go:51.37,60.6 2 1
github.com/yourorg/timeservice/internal/middleware/middleware.go:63.4,63.24 1 1
github.com/yourorg/timeservice/internal/middleware/middleware.go:72.43,73.71 1 1
github.com/yourorg/timeservice/internal/middleware/middleware.go:73.71,78.37 4 1
github.com/yourorg/timeservice/internal/middleware/middleware.go:78.37,81.4 2 1
github.com/yourorg/timeservice/internal/middleware/middleware.go:83.3,83.23 1 1
github.com/yourorg/timeservice/internal/middleware/middleware.go:94.49,95.17 1 1
github.com/yourorg/timeservice/internal/middleware/middleware.go:95.17,99.3 3 1
github.com/yourorg/timeservice/internal/middleware/middleware.go:102.56,103.17 1 1
github.com/yourorg/timeservice/internal/middleware/middleware.go:103.17,105.3 1 1
github.com/yourorg/timeservice/internal/middleware/middleware.go:106.2,106.35 1 1
github.com/yourorg/timeservice/internal/testutil/testutil.go:21.52,23.2 1 0
github.com/yourorg/timeservice/internal/testutil/testutil.go:26.53,28.2 1 0
github.com/yourorg/timeservice/internal/testutil/testutil.go:31.30,34.2 2 0
github.com/yourorg/timeservice/internal/testutil/testutil.go:37.66,39.34 2 0
github.com/yourorg/timeservice/internal/testutil/testutil.go:39.34,41.3 1 0
github.com/yourorg/timeservice/internal/testutil/testutil.go:45.67,47.35 2 0
github.com/yourorg/timeservice/internal/testutil/testutil.go:47.35,49.3 1 0
github.com/yourorg/timeservice/internal/testutil/testutil.go:58.75,60.14 1 0
github.com/yourorg/timeservice/internal/testutil/testutil.go:60.14,63.3 2 0
github.com/yourorg/timeservice/internal/testutil/testutil.go:65.2,65.28 1 0
github.com/yourorg/timeservice/internal/testutil/testutil.go:65.28,67.3 1 0
github.com/yourorg/timeservice/internal/testutil/testutil.go:67.8,70.3 1 0
github.com/yourorg/timeservice/internal/mcpserver/server.go:14.53,36.124 3 1
github.com/yourorg/timeservice/internal/mcpserver/server.go:36.124,38.3 1 0
github.com/yourorg/timeservice/internal/mcpserver/server.go:41.2,55.123 2 1
github.com/yourorg/timeservice/internal/mcpserver/server.go:55.123,57.3 1 0
github.com/yourorg/timeservice/internal/mcpserver/server.go:59.2,65.18 2 1
github.com/yourorg/timeservice/internal/mcpserver/server.go:69.125,76.16 4 1
github.com/yourorg/timeservice/internal/mcpserver/server.go:76.16,79.3 2 1
github.com/yourorg/timeservice/internal/mcpserver/server.go:82.2,86.16 3 1
github.com/yourorg/timeservice/internal/mcpserver/server.go:87.28,88.36 1 1
github.com/yourorg/timeservice/internal/mcpserver/server.go:89.14,90.41 1 1
github.com/yourorg/timeservice/internal/mcpserver/server.go:91.19,92.46 1 1
github.com/yourorg/timeservice/internal/mcpserver/server.go:93.10,95.30 1 0
github.com/yourorg/timeservice/internal/mcpserver/server.go:98.2,104.43 2 1
github.com/yourorg/timeservice/internal/mcpserver/server.go:108.124,123.16 7 1
github.com/yourorg/timeservice/internal/mcpserver/server.go:124.28,125.40 1 1
github.com/yourorg/timeservice/internal/mcpserver/server.go:126.14,127.45 1 1
github.com/yourorg/timeservice/internal/mcpserver/server.go:128.19,129.50 1 1
github.com/yourorg/timeservice/internal/mcpserver/server.go:130.10,131.34 1 1
github.com/yourorg/timeservice/internal/mcpserver/server.go:134.2,141.44 2 1
